<?xml version="1.0" encoding="UTF-8"?>
<!-- Generated by org.testng.reporters.JUnitXMLReporter -->
<testsuite hostname="hp-PC" ignored="0" name="Test" tests="1" failures="1" timestamp="28 Jul 2018 08:16:37 GMT" time="30.219" errors="0">
  <testcase name="Login" time="6.549" classname="ExtentReportsDemo.FirstReport">
    <failure type="java.lang.AssertionError" message="expected [dshttps://www.facebook.com/login.php?login_attempt=1&amp;amp;lwv=110] but found [https://www.facebook.com/login.php?login_attempt=1&amp;amp;lwv=110]">
      <![CDATA[java.lang.AssertionError: expected [dshttps://www.facebook.com/login.php?login_attempt=1&lwv=110] but found [https://www.facebook.com/login.php?login_attempt=1&lwv=110]
at ExtentReportsDemo.FirstReport.Login(FirstReport.java:61)
... Removed 31 stack frames]]>
    </failure>
  </testcase> <!-- Login -->
</testsuite> <!-- Test -->
